\BOOKMARK [1][-]{section.1}{Introduction}{}% 1
\BOOKMARK [1][-]{section.2}{A Model of Optimal Transport Networks}{}% 2
\BOOKMARK [2][-]{subsection.2.1}{Geography}{section.2}% 3
\BOOKMARK [2][-]{subsection.2.2}{Network Topography}{section.2}% 4
\BOOKMARK [2][-]{subsection.2.3}{Optimal Infrastructure Provision}{section.2}% 5
\BOOKMARK [2][-]{subsection.2.4}{Planner's Problem and Equilibrium}{section.2}% 6
\BOOKMARK [1][-]{section.3}{Bringing the Model to the Data \205 Towards a Spatial Measure of Network Inefficiency in Africa}{}% 7
\BOOKMARK [2][-]{subsection.3.1}{Network Nodes}{section.3}% 8
\BOOKMARK [2][-]{subsection.3.2}{Network Edges}{section.3}% 9
\BOOKMARK [3][-]{subsubsection.3.2.1}{Road Data}{subsection.3.2}% 10
\BOOKMARK [3][-]{subsubsection.3.2.2}{Infrastructure Matrix Ii,k}{subsection.3.2}% 11
\BOOKMARK [3][-]{subsubsection.3.2.3}{Trade Cost Parameter i,k}{subsection.3.2}% 12
\BOOKMARK [3][-]{subsubsection.3.2.4}{Infrastructure Building Cost Matrix i,kI}{subsection.3.2}% 13
\BOOKMARK [2][-]{subsection.3.3}{Heterogeneous Goods}{section.3}% 14
\BOOKMARK [2][-]{subsection.3.4}{Simulation}{section.3}% 15
\BOOKMARK [1][-]{section.4}{An Empirical Investigation into Africa's Trade Network Inefficiencies}{}% 16
\BOOKMARK [2][-]{subsection.4.1}{Colonial Infrastructure Investments}{section.4}% 17
\BOOKMARK [2][-]{subsection.4.2}{Ethnic Relations}{section.4}% 18
\BOOKMARK [2][-]{subsection.4.3}{Foreign Aid}{section.4}% 19
\BOOKMARK [1][-]{section.5}{Conclusion}{}% 20
\BOOKMARK [1][-]{section*.16}{Appendix}{}% 21
\BOOKMARK [2][-]{subsection.Alph0.1}{Numerically Solving the Planner's Problem}{section*.16}% 22
\BOOKMARK [2][-]{subsection.Alph0.2}{Additional Figures and Tables}{section*.16}% 23
