This is pdfTeX, Version 3.14159265-2.6-1.40.17 (TeX Live 2016) (preloaded format=pdflatex 2016.6.26)  16 APR 2018 12:51
entering extended mode
 \write18 enabled.
 %&-line parsing enabled.
**MPhil_thesis.tex
(./MPhil_thesis.tex
LaTeX2e <2016/03/31>
Babel <3.9r> and hyphenation patterns for 83 language(s) loaded.
(/usr/local/texlive/2016/texmf-dist/tex/latex/base/article.cls
Document Class: article 2014/09/29 v1.4h Standard LaTeX document class
(/usr/local/texlive/2016/texmf-dist/tex/latex/base/size11.clo
File: size11.clo 2014/09/29 v1.4h Standard LaTeX file (size option)
)
\c@part=\count79
\c@section=\count80
\c@subsection=\count81
\c@subsubsection=\count82
\c@paragraph=\count83
\c@subparagraph=\count84
\c@figure=\count85
\c@table=\count86
\abovecaptionskip=\skip41
\belowcaptionskip=\skip42
\bibindent=\dimen102
) (/usr/local/texlive/2016/texmf-dist/tex/latex/amsmath/amsmath.sty
Package: amsmath 2016/03/10 v2.15b AMS math features
\@mathmargin=\skip43
For additional information on amsmath, use the `?' option.
(/usr/local/texlive/2016/texmf-dist/tex/latex/amsmath/amstext.sty
Package: amstext 2000/06/29 v2.01 AMS text
(/usr/local/texlive/2016/texmf-dist/tex/latex/amsmath/amsgen.sty
File: amsgen.sty 1999/11/30 v2.0 generic functions
\@emptytoks=\toks14
\ex@=\dimen103
)) (/usr/local/texlive/2016/texmf-dist/tex/latex/amsmath/amsbsy.sty
Package: amsbsy 1999/11/29 v1.2d Bold Symbols
\pmbraise@=\dimen104
) (/usr/local/texlive/2016/texmf-dist/tex/latex/amsmath/amsopn.sty
Package: amsopn 2016/03/08 v2.02 operator names
)
\inf@bad=\count87
LaTeX Info: Redefining \frac on input line 199.
\uproot@=\count88
\leftroot@=\count89
LaTeX Info: Redefining \overline on input line 297.
\classnum@=\count90
\DOTSCASE@=\count91
LaTeX Info: Redefining \ldots on input line 394.
LaTeX Info: Redefining \dots on input line 397.
LaTeX Info: Redefining \cdots on input line 518.
\Mathstrutbox@=\box26
\strutbox@=\box27
\big@size=\dimen105
LaTeX Font Info:    Redeclaring font encoding OML on input line 634.
LaTeX Font Info:    Redeclaring font encoding OMS on input line 635.
\macc@depth=\count92
\c@MaxMatrixCols=\count93
\dotsspace@=\muskip10
\c@parentequation=\count94
\dspbrk@lvl=\count95
\tag@help=\toks15
\row@=\count96
\column@=\count97
\maxfields@=\count98
\andhelp@=\toks16
\eqnshift@=\dimen106
\alignsep@=\dimen107
\tagshift@=\dimen108
\tagwidth@=\dimen109
\totwidth@=\dimen110
\lineht@=\dimen111
\@envbody=\toks17
\multlinegap=\skip44
\multlinetaggap=\skip45
\mathdisplay@stack=\toks18
LaTeX Info: Redefining \[ on input line 2739.
LaTeX Info: Redefining \] on input line 2740.
) (/usr/local/texlive/2016/texmf-dist/tex/latex/parskip/parskip.sty
Package: parskip 2001/04/09 non-zero parskip adjustments
) (/usr/local/texlive/2016/texmf-dist/tex/latex/graphics/graphicx.sty
Package: graphicx 2014/10/28 v1.0g Enhanced LaTeX Graphics (DPC,SPQR)
(/usr/local/texlive/2016/texmf-dist/tex/latex/graphics/keyval.sty
Package: keyval 2014/10/28 v1.15 key=value parser (DPC)
\KV@toks@=\toks19
) (/usr/local/texlive/2016/texmf-dist/tex/latex/graphics/graphics.sty
Package: graphics 2016/05/09 v1.0r Standard LaTeX Graphics (DPC,SPQR)
(/usr/local/texlive/2016/texmf-dist/tex/latex/graphics/trig.sty
Package: trig 2016/01/03 v1.10 sin cos tan (DPC)
) (/usr/local/texlive/2016/texmf-dist/tex/latex/graphics-cfg/graphics.cfg
File: graphics.cfg 2016/01/02 v1.10 sample graphics configuration
)
Package graphics Info: Driver file: pdftex.def on input line 96.
(/usr/local/texlive/2016/texmf-dist/tex/latex/pdftex-def/pdftex.def
File: pdftex.def 2011/05/27 v0.06d Graphics/color for pdfTeX
(/usr/local/texlive/2016/texmf-dist/tex/generic/oberdiek/infwarerr.sty
Package: infwarerr 2016/05/16 v1.4 Providing info/warning/error messages (HO)
) (/usr/local/texlive/2016/texmf-dist/tex/generic/oberdiek/ltxcmds.sty
Package: ltxcmds 2016/05/16 v1.23 LaTeX kernel commands for general use (HO)
)
\Gread@gobject=\count99
))
\Gin@req@height=\dimen112
\Gin@req@width=\dimen113
) (/usr/local/texlive/2016/texmf-dist/tex/latex/setspace/setspace.sty
Package: setspace 2011/12/19 v6.7a set line spacing
) (/usr/local/texlive/2016/texmf-dist/tex/latex/hyperref/hyperref.sty
Package: hyperref 2016/05/05 v6.83n Hypertext links for LaTeX
(/usr/local/texlive/2016/texmf-dist/tex/generic/oberdiek/hobsub-hyperref.sty
Package: hobsub-hyperref 2016/05/16 v1.14 Bundle oberdiek, subset hyperref (HO)

(/usr/local/texlive/2016/texmf-dist/tex/generic/oberdiek/hobsub-generic.sty
Package: hobsub-generic 2016/05/16 v1.14 Bundle oberdiek, subset generic (HO)
Package: hobsub 2016/05/16 v1.14 Construct package bundles (HO)
Package hobsub Info: Skipping package `infwarerr' (already loaded).
Package hobsub Info: Skipping package `ltxcmds' (already loaded).
Package: ifluatex 2016/05/16 v1.4 Provides the ifluatex switch (HO)
Package ifluatex Info: LuaTeX not detected.
Package: ifvtex 2016/05/16 v1.6 Detect VTeX and its facilities (HO)
Package ifvtex Info: VTeX not detected.
Package: intcalc 2016/05/16 v1.2 Expandable calculations with integers (HO)
Package: ifpdf 2016/05/14 v3.1 Provides the ifpdf switch
Package: etexcmds 2016/05/16 v1.6 Avoid name clashes with e-TeX commands (HO)
Package etexcmds Info: Could not find \expanded.
(etexcmds)             That can mean that you are not using pdfTeX 1.50 or
(etexcmds)             that some package has redefined \expanded.
(etexcmds)             In the latter case, load this package earlier.
Package: kvsetkeys 2016/05/16 v1.17 Key value parser (HO)
Package: kvdefinekeys 2016/05/16 v1.4 Define keys (HO)
Package: pdftexcmds 2016/05/10 v0.21 Utility functions of pdfTeX for LuaTeX (HO
)
Package pdftexcmds Info: LuaTeX not detected.
Package pdftexcmds Info: \pdf@primitive is available.
Package pdftexcmds Info: \pdf@ifprimitive is available.
Package pdftexcmds Info: \pdfdraftmode found.
Package: pdfescape 2016/05/16 v1.14 Implements pdfTeX's escape features (HO)
Package: bigintcalc 2016/05/16 v1.4 Expandable calculations on big integers (HO
)
Package: bitset 2016/05/16 v1.2 Handle bit-vector datatype (HO)
Package: uniquecounter 2016/05/16 v1.3 Provide unlimited unique counter (HO)
)
Package hobsub Info: Skipping package `hobsub' (already loaded).
Package: letltxmacro 2016/05/16 v1.5 Let assignment for LaTeX macros (HO)
Package: hopatch 2016/05/16 v1.3 Wrapper for package hooks (HO)
Package: xcolor-patch 2016/05/16 xcolor patch
Package: atveryend 2016/05/16 v1.9 Hooks at the very end of document (HO)
Package atveryend Info: \enddocument detected (standard20110627).
Package: atbegshi 2016/05/16 v1.17 At begin shipout hook (HO)
Package: refcount 2016/05/16 v3.5 Data extraction from label references (HO)
Package: hycolor 2016/05/16 v1.8 Color options for hyperref/bookmark (HO)
) (/usr/local/texlive/2016/texmf-dist/tex/generic/ifxetex/ifxetex.sty
Package: ifxetex 2010/09/12 v0.6 Provides ifxetex conditional
) (/usr/local/texlive/2016/texmf-dist/tex/latex/oberdiek/auxhook.sty
Package: auxhook 2016/05/16 v1.4 Hooks for auxiliary files (HO)
) (/usr/local/texlive/2016/texmf-dist/tex/latex/oberdiek/kvoptions.sty
Package: kvoptions 2016/05/16 v3.12 Key value format for package options (HO)
)
\@linkdim=\dimen114
\Hy@linkcounter=\count100
\Hy@pagecounter=\count101
(/usr/local/texlive/2016/texmf-dist/tex/latex/hyperref/pd1enc.def
File: pd1enc.def 2016/05/05 v6.83n Hyperref: PDFDocEncoding definition (HO)
)
\Hy@SavedSpaceFactor=\count102
(/usr/local/texlive/2016/texmf-dist/tex/latex/latexconfig/hyperref.cfg
File: hyperref.cfg 2002/06/06 v1.2 hyperref configuration of TeXLive
)
Package hyperref Info: Hyper figures OFF on input line 4446.
Package hyperref Info: Link nesting OFF on input line 4451.
Package hyperref Info: Hyper index ON on input line 4454.
Package hyperref Info: Plain pages OFF on input line 4461.
Package hyperref Info: Backreferencing OFF on input line 4466.
Package hyperref Info: Implicit mode ON; LaTeX internals redefined.
Package hyperref Info: Bookmarks ON on input line 4691.
\c@Hy@tempcnt=\count103
(/usr/local/texlive/2016/texmf-dist/tex/latex/url/url.sty
\Urlmuskip=\muskip11
Package: url 2013/09/16  ver 3.4  Verb mode for urls, etc.
)
LaTeX Info: Redefining \url on input line 5044.
\XeTeXLinkMargin=\dimen115
\Fld@menulength=\count104
\Field@Width=\dimen116
\Fld@charsize=\dimen117
Package hyperref Info: Hyper figures OFF on input line 6298.
Package hyperref Info: Link nesting OFF on input line 6303.
Package hyperref Info: Hyper index ON on input line 6306.
Package hyperref Info: backreferencing OFF on input line 6313.
Package hyperref Info: Link coloring OFF on input line 6318.
Package hyperref Info: Link coloring with OCG OFF on input line 6323.
Package hyperref Info: PDF/A mode OFF on input line 6328.
LaTeX Info: Redefining \ref on input line 6368.
LaTeX Info: Redefining \pageref on input line 6372.
\Hy@abspage=\count105
\c@Item=\count106
\c@Hfootnote=\count107
)

Package hyperref Message: Driver (autodetected): hpdftex.

(/usr/local/texlive/2016/texmf-dist/tex/latex/hyperref/hpdftex.def
File: hpdftex.def 2016/05/05 v6.83n Hyperref driver for pdfTeX
\Fld@listcount=\count108
\c@bookmark@seq@number=\count109
(/usr/local/texlive/2016/texmf-dist/tex/latex/oberdiek/rerunfilecheck.sty
Package: rerunfilecheck 2016/05/16 v1.8 Rerun checks for auxiliary files (HO)
Package uniquecounter Info: New unique counter `rerunfilecheck' on input line 2
82.
)
\Hy@SectionHShift=\skip46
) (/usr/local/texlive/2016/texmf-dist/tex/latex/float/float.sty
Package: float 2001/11/08 v1.3d Float enhancements (AL)
\c@float@type=\count110
\float@exts=\toks20
\float@box=\box28
\@float@everytoks=\toks21
\@floatcapt=\box29
) (/usr/local/texlive/2016/texmf-dist/tex/latex/caption/caption.sty
Package: caption 2016/02/21 v3.3-144 Customizing captions (AR)
(/usr/local/texlive/2016/texmf-dist/tex/latex/caption/caption3.sty
Package: caption3 2016/02/04 v1.7-139 caption3 kernel (AR)
Package caption3 Info: TeX engine: e-TeX on input line 67.
\captionmargin=\dimen118
\captionmargin@=\dimen119
\captionwidth=\dimen120
\caption@tempdima=\dimen121
\caption@indent=\dimen122
\caption@parindent=\dimen123
\caption@hangindent=\dimen124
)
\c@ContinuedFloat=\count111
Package caption Info: float package is loaded.
Package caption Info: hyperref package is loaded.
) (/usr/local/texlive/2016/texmf-dist/tex/latex/geometry/geometry.sty
Package: geometry 2010/09/12 v5.6 Page Geometry
\Gm@cnth=\count112
\Gm@cntv=\count113
\c@Gm@tempcnt=\count114
\Gm@bindingoffset=\dimen125
\Gm@wd@mp=\dimen126
\Gm@odd@mp=\dimen127
\Gm@even@mp=\dimen128
\Gm@layoutwidth=\dimen129
\Gm@layoutheight=\dimen130
\Gm@layouthoffset=\dimen131
\Gm@layoutvoffset=\dimen132
\Gm@dimlist=\toks22
) (/usr/local/texlive/2016/texmf-dist/tex/latex/pgf/frontendlayer/tikz.sty (/us
r/local/texlive/2016/texmf-dist/tex/latex/pgf/basiclayer/pgf.sty (/usr/local/te
xlive/2016/texmf-dist/tex/latex/pgf/utilities/pgfrcs.sty
(/usr/local/texlive/2016/texmf-dist/tex/generic/pgf/utilities/pgfutil-common.te
x
\pgfutil@everybye=\toks23
\pgfutil@tempdima=\dimen133
\pgfutil@tempdimb=\dimen134

(/usr/local/texlive/2016/texmf-dist/tex/generic/pgf/utilities/pgfutil-common-li
sts.tex))
(/usr/local/texlive/2016/texmf-dist/tex/generic/pgf/utilities/pgfutil-latex.def
\pgfutil@abb=\box30
(/usr/local/texlive/2016/texmf-dist/tex/latex/ms/everyshi.sty
Package: everyshi 2001/05/15 v3.00 EveryShipout Package (MS)
)) (/usr/local/texlive/2016/texmf-dist/tex/generic/pgf/utilities/pgfrcs.code.te
x
Package: pgfrcs 2015/08/07 v3.0.1a (rcs-revision 1.31)
))
Package: pgf 2015/08/07 v3.0.1a (rcs-revision 1.15)
(/usr/local/texlive/2016/texmf-dist/tex/latex/pgf/basiclayer/pgfcore.sty (/usr/
local/texlive/2016/texmf-dist/tex/latex/pgf/systemlayer/pgfsys.sty
(/usr/local/texlive/2016/texmf-dist/tex/generic/pgf/systemlayer/pgfsys.code.tex
Package: pgfsys 2014/07/09 v3.0.1a (rcs-revision 1.48)
(/usr/local/texlive/2016/texmf-dist/tex/generic/pgf/utilities/pgfkeys.code.tex
\pgfkeys@pathtoks=\toks24
\pgfkeys@temptoks=\toks25

(/usr/local/texlive/2016/texmf-dist/tex/generic/pgf/utilities/pgfkeysfiltered.c
ode.tex
\pgfkeys@tmptoks=\toks26
))
\pgf@x=\dimen135
\pgf@y=\dimen136
\pgf@xa=\dimen137
\pgf@ya=\dimen138
\pgf@xb=\dimen139
\pgf@yb=\dimen140
\pgf@xc=\dimen141
\pgf@yc=\dimen142
\w@pgf@writea=\write3
\r@pgf@reada=\read1
\c@pgf@counta=\count115
\c@pgf@countb=\count116
\c@pgf@countc=\count117
\c@pgf@countd=\count118
\t@pgf@toka=\toks27
\t@pgf@tokb=\toks28
\t@pgf@tokc=\toks29
(/usr/local/texlive/2016/texmf-dist/tex/generic/pgf/systemlayer/pgf.cfg
File: pgf.cfg 2008/05/14  (rcs-revision 1.7)
)
Driver file for pgf: pgfsys-pdftex.def

(/usr/local/texlive/2016/texmf-dist/tex/generic/pgf/systemlayer/pgfsys-pdftex.d
ef
File: pgfsys-pdftex.def 2014/10/11  (rcs-revision 1.35)

(/usr/local/texlive/2016/texmf-dist/tex/generic/pgf/systemlayer/pgfsys-common-p
df.def
File: pgfsys-common-pdf.def 2013/10/10  (rcs-revision 1.13)
)))
(/usr/local/texlive/2016/texmf-dist/tex/generic/pgf/systemlayer/pgfsyssoftpath.
code.tex
File: pgfsyssoftpath.code.tex 2013/09/09  (rcs-revision 1.9)
\pgfsyssoftpath@smallbuffer@items=\count119
\pgfsyssoftpath@bigbuffer@items=\count120
)
(/usr/local/texlive/2016/texmf-dist/tex/generic/pgf/systemlayer/pgfsysprotocol.
code.tex
File: pgfsysprotocol.code.tex 2006/10/16  (rcs-revision 1.4)
)) (/usr/local/texlive/2016/texmf-dist/tex/latex/xcolor/xcolor.sty
Package: xcolor 2016/05/11 v2.12 LaTeX color extensions (UK)
(/usr/local/texlive/2016/texmf-dist/tex/latex/graphics-cfg/color.cfg
File: color.cfg 2016/01/02 v1.6 sample color configuration
)
Package xcolor Info: Driver file: pdftex.def on input line 225.
Package xcolor Info: Model `cmy' substituted by `cmy0' on input line 1348.
Package xcolor Info: Model `hsb' substituted by `rgb' on input line 1352.
Package xcolor Info: Model `RGB' extended on input line 1364.
Package xcolor Info: Model `HTML' substituted by `rgb' on input line 1366.
Package xcolor Info: Model `Hsb' substituted by `hsb' on input line 1367.
Package xcolor Info: Model `tHsb' substituted by `hsb' on input line 1368.
Package xcolor Info: Model `HSB' substituted by `hsb' on input line 1369.
Package xcolor Info: Model `Gray' substituted by `gray' on input line 1370.
Package xcolor Info: Model `wave' substituted by `hsb' on input line 1371.
)
(/usr/local/texlive/2016/texmf-dist/tex/generic/pgf/basiclayer/pgfcore.code.tex
Package: pgfcore 2010/04/11 v3.0.1a (rcs-revision 1.7)
(/usr/local/texlive/2016/texmf-dist/tex/generic/pgf/math/pgfmath.code.tex (/usr
/local/texlive/2016/texmf-dist/tex/generic/pgf/math/pgfmathcalc.code.tex (/usr/
local/texlive/2016/texmf-dist/tex/generic/pgf/math/pgfmathutil.code.tex)
(/usr/local/texlive/2016/texmf-dist/tex/generic/pgf/math/pgfmathparser.code.tex
\pgfmath@dimen=\dimen143
\pgfmath@count=\count121
\pgfmath@box=\box31
\pgfmath@toks=\toks30
\pgfmath@stack@operand=\toks31
\pgfmath@stack@operation=\toks32
)
(/usr/local/texlive/2016/texmf-dist/tex/generic/pgf/math/pgfmathfunctions.code.
tex
(/usr/local/texlive/2016/texmf-dist/tex/generic/pgf/math/pgfmathfunctions.basic
.code.tex)
(/usr/local/texlive/2016/texmf-dist/tex/generic/pgf/math/pgfmathfunctions.trigo
nometric.code.tex)
(/usr/local/texlive/2016/texmf-dist/tex/generic/pgf/math/pgfmathfunctions.rando
m.code.tex)
(/usr/local/texlive/2016/texmf-dist/tex/generic/pgf/math/pgfmathfunctions.compa
rison.code.tex)
(/usr/local/texlive/2016/texmf-dist/tex/generic/pgf/math/pgfmathfunctions.base.
code.tex)
(/usr/local/texlive/2016/texmf-dist/tex/generic/pgf/math/pgfmathfunctions.round
.code.tex)
(/usr/local/texlive/2016/texmf-dist/tex/generic/pgf/math/pgfmathfunctions.misc.
code.tex)
(/usr/local/texlive/2016/texmf-dist/tex/generic/pgf/math/pgfmathfunctions.integ
erarithmetics.code.tex))) (/usr/local/texlive/2016/texmf-dist/tex/generic/pgf/m
ath/pgfmathfloat.code.tex
\c@pgfmathroundto@lastzeros=\count122
))
(/usr/local/texlive/2016/texmf-dist/tex/generic/pgf/basiclayer/pgfcorepoints.co
de.tex
File: pgfcorepoints.code.tex 2013/10/07  (rcs-revision 1.27)
\pgf@picminx=\dimen144
\pgf@picmaxx=\dimen145
\pgf@picminy=\dimen146
\pgf@picmaxy=\dimen147
\pgf@pathminx=\dimen148
\pgf@pathmaxx=\dimen149
\pgf@pathminy=\dimen150
\pgf@pathmaxy=\dimen151
\pgf@xx=\dimen152
\pgf@xy=\dimen153
\pgf@yx=\dimen154
\pgf@yy=\dimen155
\pgf@zx=\dimen156
\pgf@zy=\dimen157
)
(/usr/local/texlive/2016/texmf-dist/tex/generic/pgf/basiclayer/pgfcorepathconst
ruct.code.tex
File: pgfcorepathconstruct.code.tex 2013/10/07  (rcs-revision 1.29)
\pgf@path@lastx=\dimen158
\pgf@path@lasty=\dimen159
)
(/usr/local/texlive/2016/texmf-dist/tex/generic/pgf/basiclayer/pgfcorepathusage
.code.tex
File: pgfcorepathusage.code.tex 2014/11/02  (rcs-revision 1.24)
\pgf@shorten@end@additional=\dimen160
\pgf@shorten@start@additional=\dimen161
)
(/usr/local/texlive/2016/texmf-dist/tex/generic/pgf/basiclayer/pgfcorescopes.co
de.tex
File: pgfcorescopes.code.tex 2015/05/08  (rcs-revision 1.46)
\pgfpic=\box32
\pgf@hbox=\box33
\pgf@layerbox@main=\box34
\pgf@picture@serial@count=\count123
)
(/usr/local/texlive/2016/texmf-dist/tex/generic/pgf/basiclayer/pgfcoregraphicst
ate.code.tex
File: pgfcoregraphicstate.code.tex 2014/11/02  (rcs-revision 1.12)
\pgflinewidth=\dimen162
)
(/usr/local/texlive/2016/texmf-dist/tex/generic/pgf/basiclayer/pgfcoretransform
ations.code.tex
File: pgfcoretransformations.code.tex 2015/08/07  (rcs-revision 1.20)
\pgf@pt@x=\dimen163
\pgf@pt@y=\dimen164
\pgf@pt@temp=\dimen165
)
(/usr/local/texlive/2016/texmf-dist/tex/generic/pgf/basiclayer/pgfcorequick.cod
e.tex
File: pgfcorequick.code.tex 2008/10/09  (rcs-revision 1.3)
)
(/usr/local/texlive/2016/texmf-dist/tex/generic/pgf/basiclayer/pgfcoreobjects.c
ode.tex
File: pgfcoreobjects.code.tex 2006/10/11  (rcs-revision 1.2)
)
(/usr/local/texlive/2016/texmf-dist/tex/generic/pgf/basiclayer/pgfcorepathproce
ssing.code.tex
File: pgfcorepathprocessing.code.tex 2013/09/09  (rcs-revision 1.9)
)
(/usr/local/texlive/2016/texmf-dist/tex/generic/pgf/basiclayer/pgfcorearrows.co
de.tex
File: pgfcorearrows.code.tex 2015/05/14  (rcs-revision 1.43)
\pgfarrowsep=\dimen166
)
(/usr/local/texlive/2016/texmf-dist/tex/generic/pgf/basiclayer/pgfcoreshade.cod
e.tex
File: pgfcoreshade.code.tex 2013/07/15  (rcs-revision 1.15)
\pgf@max=\dimen167
\pgf@sys@shading@range@num=\count124
)
(/usr/local/texlive/2016/texmf-dist/tex/generic/pgf/basiclayer/pgfcoreimage.cod
e.tex
File: pgfcoreimage.code.tex 2013/07/15  (rcs-revision 1.18)

(/usr/local/texlive/2016/texmf-dist/tex/generic/pgf/basiclayer/pgfcoreexternal.
code.tex
File: pgfcoreexternal.code.tex 2014/07/09  (rcs-revision 1.21)
\pgfexternal@startupbox=\box35
))
(/usr/local/texlive/2016/texmf-dist/tex/generic/pgf/basiclayer/pgfcorelayers.co
de.tex
File: pgfcorelayers.code.tex 2013/07/18  (rcs-revision 1.7)
)
(/usr/local/texlive/2016/texmf-dist/tex/generic/pgf/basiclayer/pgfcoretranspare
ncy.code.tex
File: pgfcoretransparency.code.tex 2013/09/30  (rcs-revision 1.5)
)
(/usr/local/texlive/2016/texmf-dist/tex/generic/pgf/basiclayer/pgfcorepatterns.
code.tex
File: pgfcorepatterns.code.tex 2013/11/07  (rcs-revision 1.5)
)))
(/usr/local/texlive/2016/texmf-dist/tex/generic/pgf/modules/pgfmoduleshapes.cod
e.tex
File: pgfmoduleshapes.code.tex 2014/03/21  (rcs-revision 1.35)
\pgfnodeparttextbox=\box36
)
(/usr/local/texlive/2016/texmf-dist/tex/generic/pgf/modules/pgfmoduleplot.code.
tex
File: pgfmoduleplot.code.tex 2015/08/03  (rcs-revision 1.13)
)
(/usr/local/texlive/2016/texmf-dist/tex/latex/pgf/compatibility/pgfcomp-version
-0-65.sty
Package: pgfcomp-version-0-65 2007/07/03 v3.0.1a (rcs-revision 1.7)
\pgf@nodesepstart=\dimen168
\pgf@nodesepend=\dimen169
)
(/usr/local/texlive/2016/texmf-dist/tex/latex/pgf/compatibility/pgfcomp-version
-1-18.sty
Package: pgfcomp-version-1-18 2007/07/23 v3.0.1a (rcs-revision 1.1)
)) (/usr/local/texlive/2016/texmf-dist/tex/latex/pgf/utilities/pgffor.sty (/usr
/local/texlive/2016/texmf-dist/tex/latex/pgf/utilities/pgfkeys.sty (/usr/local/
texlive/2016/texmf-dist/tex/generic/pgf/utilities/pgfkeys.code.tex)) (/usr/loca
l/texlive/2016/texmf-dist/tex/latex/pgf/math/pgfmath.sty (/usr/local/texlive/20
16/texmf-dist/tex/generic/pgf/math/pgfmath.code.tex)) (/usr/local/texlive/2016/
texmf-dist/tex/generic/pgf/utilities/pgffor.code.tex
Package: pgffor 2013/12/13 v3.0.1a (rcs-revision 1.25)
(/usr/local/texlive/2016/texmf-dist/tex/generic/pgf/math/pgfmath.code.tex)
\pgffor@iter=\dimen170
\pgffor@skip=\dimen171
\pgffor@stack=\toks33
\pgffor@toks=\toks34
))
(/usr/local/texlive/2016/texmf-dist/tex/generic/pgf/frontendlayer/tikz/tikz.cod
e.tex
Package: tikz 2015/08/07 v3.0.1a (rcs-revision 1.151)

(/usr/local/texlive/2016/texmf-dist/tex/generic/pgf/libraries/pgflibraryplothan
dlers.code.tex
File: pgflibraryplothandlers.code.tex 2013/08/31 v3.0.1a (rcs-revision 1.20)
\pgf@plot@mark@count=\count125
\pgfplotmarksize=\dimen172
)
\tikz@lastx=\dimen173
\tikz@lasty=\dimen174
\tikz@lastxsaved=\dimen175
\tikz@lastysaved=\dimen176
\tikzleveldistance=\dimen177
\tikzsiblingdistance=\dimen178
\tikz@figbox=\box37
\tikz@figbox@bg=\box38
\tikz@tempbox=\box39
\tikz@tempbox@bg=\box40
\tikztreelevel=\count126
\tikznumberofchildren=\count127
\tikznumberofcurrentchild=\count128
\tikz@fig@count=\count129

(/usr/local/texlive/2016/texmf-dist/tex/generic/pgf/modules/pgfmodulematrix.cod
e.tex
File: pgfmodulematrix.code.tex 2013/09/17  (rcs-revision 1.8)
\pgfmatrixcurrentrow=\count130
\pgfmatrixcurrentcolumn=\count131
\pgf@matrix@numberofcolumns=\count132
)
\tikz@expandcount=\count133

(/usr/local/texlive/2016/texmf-dist/tex/generic/pgf/frontendlayer/tikz/librarie
s/tikzlibrarytopaths.code.tex
File: tikzlibrarytopaths.code.tex 2008/06/17 v3.0.1a (rcs-revision 1.2)
))) (/usr/local/texlive/2016/texmf-dist/tex/latex/lipsum/lipsum.sty
Package: lipsum 2014/07/27 v1.3 150 paragraphs of Lorem Ipsum dummy text
\c@lips@count=\count134
)
(/usr/local/texlive/2016/texmf-dist/tex/generic/pgf/frontendlayer/tikz/librarie
s/tikzlibraryshapes.code.tex
File: tikzlibraryshapes.code.tex 2008/01/09 v3.0.1a (rcs-revision 1.1)

(/usr/local/texlive/2016/texmf-dist/tex/generic/pgf/frontendlayer/tikz/librarie
s/tikzlibraryshapes.geometric.code.tex
File: tikzlibraryshapes.geometric.code.tex 2008/01/09 v3.0.1a (rcs-revision 1.1
)

(/usr/local/texlive/2016/texmf-dist/tex/generic/pgf/libraries/shapes/pgflibrary
shapes.geometric.code.tex
File: pgflibraryshapes.geometric.code.tex 2008/06/26 v3.0.1a (rcs-revision 1.1)

))
(/usr/local/texlive/2016/texmf-dist/tex/generic/pgf/frontendlayer/tikz/librarie
s/tikzlibraryshapes.misc.code.tex
File: tikzlibraryshapes.misc.code.tex 2008/01/09 v3.0.1a (rcs-revision 1.1)

(/usr/local/texlive/2016/texmf-dist/tex/generic/pgf/libraries/shapes/pgflibrary
shapes.misc.code.tex
File: pgflibraryshapes.misc.code.tex 2013/07/18 v3.0.1a (rcs-revision 1.5)
))
(/usr/local/texlive/2016/texmf-dist/tex/generic/pgf/frontendlayer/tikz/librarie
s/tikzlibraryshapes.symbols.code.tex
File: tikzlibraryshapes.symbols.code.tex 2008/01/09 v3.0.1a (rcs-revision 1.1)

(/usr/local/texlive/2016/texmf-dist/tex/generic/pgf/libraries/shapes/pgflibrary
shapes.symbols.code.tex
File: pgflibraryshapes.symbols.code.tex 2013/09/11 v3.0.1a (rcs-revision 1.6)
))
(/usr/local/texlive/2016/texmf-dist/tex/generic/pgf/frontendlayer/tikz/librarie
s/tikzlibraryshapes.arrows.code.tex
File: tikzlibraryshapes.arrows.code.tex 2008/01/09 v3.0.1a (rcs-revision 1.1)

(/usr/local/texlive/2016/texmf-dist/tex/generic/pgf/libraries/shapes/pgflibrary
shapes.arrows.code.tex
File: pgflibraryshapes.arrows.code.tex 2008/06/26 v3.0.1a (rcs-revision 1.1)
))
(/usr/local/texlive/2016/texmf-dist/tex/generic/pgf/frontendlayer/tikz/librarie
s/tikzlibraryshapes.callouts.code.tex
(/usr/local/texlive/2016/texmf-dist/tex/generic/pgf/libraries/shapes/pgflibrary
shapes.callouts.code.tex))
(/usr/local/texlive/2016/texmf-dist/tex/generic/pgf/frontendlayer/tikz/librarie
s/tikzlibraryshapes.multipart.code.tex
File: tikzlibraryshapes.multipart.code.tex 2008/01/09 v3.0.1a (rcs-revision 1.1
)

(/usr/local/texlive/2016/texmf-dist/tex/generic/pgf/libraries/shapes/pgflibrary
shapes.multipart.code.tex
File: pgflibraryshapes.multipart.code.tex 2010/01/07 v3.0.1a (rcs-revision 1.2)

\pgfnodepartlowerbox=\box41
\pgfnodeparttwobox=\box42
\pgfnodepartthreebox=\box43
\pgfnodepartfourbox=\box44
\pgfnodeparttwentybox=\box45
\pgfnodepartnineteenbox=\box46
\pgfnodeparteighteenbox=\box47
\pgfnodepartseventeenbox=\box48
\pgfnodepartsixteenbox=\box49
\pgfnodepartfifteenbox=\box50
\pgfnodepartfourteenbox=\box51
\pgfnodepartthirteenbox=\box52
\pgfnodeparttwelvebox=\box53
\pgfnodepartelevenbox=\box54
\pgfnodeparttenbox=\box55
\pgfnodepartninebox=\box56
\pgfnodeparteightbox=\box57
\pgfnodepartsevenbox=\box58
\pgfnodepartsixbox=\box59
\pgfnodepartfivebox=\box60
)))
(/usr/local/texlive/2016/texmf-dist/tex/generic/pgf/frontendlayer/tikz/librarie
s/tikzlibraryarrows.code.tex
File: tikzlibraryarrows.code.tex 2008/01/09 v3.0.1a (rcs-revision 1.1)

(/usr/local/texlive/2016/texmf-dist/tex/generic/pgf/libraries/pgflibraryarrows.
code.tex
File: pgflibraryarrows.code.tex 2013/09/23 v3.0.1a (rcs-revision 1.16)
\arrowsize=\dimen179
))

Package geometry Warning: Over-specification in `h'-direction.
    `width' (597.50787pt) is ignored.


Package geometry Warning: Over-specification in `v'-direction.
    `height' (845.04684pt) is ignored.

(/usr/local/texlive/2016/texmf-dist/tex/latex/ms/ragged2e.sty
Package: ragged2e 2009/05/21 v2.1 ragged2e Package (MS)
(/usr/local/texlive/2016/texmf-dist/tex/latex/ms/everysel.sty
Package: everysel 2011/10/28 v1.2 EverySelectfont Package (MS)
)
\CenteringLeftskip=\skip47
\RaggedLeftLeftskip=\skip48
\RaggedRightLeftskip=\skip49
\CenteringRightskip=\skip50
\RaggedLeftRightskip=\skip51
\RaggedRightRightskip=\skip52
\CenteringParfillskip=\skip53
\RaggedLeftParfillskip=\skip54
\RaggedRightParfillskip=\skip55
\JustifyingParfillskip=\skip56
\CenteringParindent=\skip57
\RaggedLeftParindent=\skip58
\RaggedRightParindent=\skip59
\JustifyingParindent=\skip60
) (/usr/local/texlive/2016/texmf-dist/tex/latex/adjustbox/adjustbox.sty
Package: adjustbox 2012/05/21 v1.0 Adjusting TeX boxes (trim, clip, ...)
(/usr/local/texlive/2016/texmf-dist/tex/latex/xkeyval/xkeyval.sty
Package: xkeyval 2014/12/03 v2.7a package option processing (HA)
(/usr/local/texlive/2016/texmf-dist/tex/generic/xkeyval/xkeyval.tex (/usr/local
/texlive/2016/texmf-dist/tex/generic/xkeyval/xkvutils.tex
\XKV@toks=\toks35
\XKV@tempa@toks=\toks36
)
\XKV@depth=\count135
File: xkeyval.tex 2014/12/03 v2.7a key=value parser (HA)
)) (/usr/local/texlive/2016/texmf-dist/tex/latex/adjustbox/adjcalc.sty
Package: adjcalc 2012/05/16 v1.1 Provides advanced setlength with multiple back
-ends (calc, etex, pgfmath)
) (/usr/local/texlive/2016/texmf-dist/tex/latex/adjustbox/trimclip.sty
Package: trimclip 2012/05/16 v1.0 Trim and clip general TeX material
(/usr/local/texlive/2016/texmf-dist/tex/latex/collectbox/collectbox.sty
Package: collectbox 2012/05/17 v0.4b Collect macro arguments as boxes
\collectedbox=\box61
)
\tc@llx=\dimen180
\tc@lly=\dimen181
\tc@urx=\dimen182
\tc@ury=\dimen183
Package trimclip Info: Using driver 'tc-pdftex.def'.
(/usr/local/texlive/2016/texmf-dist/tex/latex/adjustbox/tc-pdftex.def
File: tc-pdftex.def 2012/05/13 v1.0 Clipping driver for pdftex
))
\adjbox@Width=\dimen184
\adjbox@Height=\dimen185
\adjbox@Depth=\dimen186
\adjbox@Totalheight=\dimen187
(/usr/local/texlive/2016/texmf-dist/tex/latex/ifoddpage/ifoddpage.sty
Package: ifoddpage 2016/04/23 v1.1 Conditionals for odd/even page detection
\c@checkoddpage=\count136
) (/usr/local/texlive/2016/texmf-dist/tex/latex/varwidth/varwidth.sty
Package: varwidth 2009/03/30 ver 0.92;  Variable-width minipages
\@vwid@box=\box62
\sift@deathcycles=\count137
\@vwid@loff=\dimen188
\@vwid@roff=\dimen189
)) (/usr/local/texlive/2016/texmf-dist/tex/latex/doublestroke/dsfont.sty
Package: dsfont 1995/08/01 v0.1 Double stroke roman fonts
) (/usr/local/texlive/2016/texmf-dist/tex/latex/amsfonts/amssymb.sty
Package: amssymb 2013/01/14 v3.01 AMS font symbols
(/usr/local/texlive/2016/texmf-dist/tex/latex/amsfonts/amsfonts.sty
Package: amsfonts 2013/01/14 v3.01 Basic AMSFonts support
\symAMSa=\mathgroup4
\symAMSb=\mathgroup5
LaTeX Font Info:    Overwriting math alphabet `\mathfrak' in version `bold'
(Font)                  U/euf/m/n --> U/euf/b/n on input line 106.
)) (/usr/local/texlive/2016/texmf-dist/tex/latex/natbib/natbib.sty
Package: natbib 2010/09/13 8.31b (PWD, AO)
\bibhang=\skip61
\bibsep=\skip62
LaTeX Info: Redefining \cite on input line 694.
\c@NAT@ctr=\count138
) (/usr/local/texlive/2016/texmf-dist/tex/latex/base/inputenc.sty
Package: inputenc 2015/03/17 v1.2c Input encoding file
\inpenc@prehook=\toks37
\inpenc@posthook=\toks38
(/usr/local/texlive/2016/texmf-dist/tex/latex/base/utf8.def
File: utf8.def 2016/02/28 v1.1s UTF-8 support for inputenc
Now handling font encoding OML ...
... no UTF-8 mapping file for font encoding OML
Now handling font encoding T1 ...
... processing UTF-8 mapping file for font encoding T1
(/usr/local/texlive/2016/texmf-dist/tex/latex/base/t1enc.dfu
File: t1enc.dfu 2016/02/28 v1.1s UTF-8 support for inputenc
   defining Unicode char U+00A0 (decimal 160)
   defining Unicode char U+00A1 (decimal 161)
   defining Unicode char U+00A3 (decimal 163)
   defining Unicode char U+00AB (decimal 171)
   defining Unicode char U+00AD (decimal 173)
   defining Unicode char U+00BB (decimal 187)
   defining Unicode char U+00BF (decimal 191)
   defining Unicode char U+00C0 (decimal 192)
   defining Unicode char U+00C1 (decimal 193)
   defining Unicode char U+00C2 (decimal 194)
   defining Unicode char U+00C3 (decimal 195)
   defining Unicode char U+00C4 (decimal 196)
   defining Unicode char U+00C5 (decimal 197)
   defining Unicode char U+00C6 (decimal 198)
   defining Unicode char U+00C7 (decimal 199)
   defining Unicode char U+00C8 (decimal 200)
   defining Unicode char U+00C9 (decimal 201)
   defining Unicode char U+00CA (decimal 202)
   defining Unicode char U+00CB (decimal 203)
   defining Unicode char U+00CC (decimal 204)
   defining Unicode char U+00CD (decimal 205)
   defining Unicode char U+00CE (decimal 206)
   defining Unicode char U+00CF (decimal 207)
   defining Unicode char U+00D0 (decimal 208)
   defining Unicode char U+00D1 (decimal 209)
   defining Unicode char U+00D2 (decimal 210)
   defining Unicode char U+00D3 (decimal 211)
   defining Unicode char U+00D4 (decimal 212)
   defining Unicode char U+00D5 (decimal 213)
   defining Unicode char U+00D6 (decimal 214)
   defining Unicode char U+00D8 (decimal 216)
   defining Unicode char U+00D9 (decimal 217)
   defining Unicode char U+00DA (decimal 218)
   defining Unicode char U+00DB (decimal 219)
   defining Unicode char U+00DC (decimal 220)
   defining Unicode char U+00DD (decimal 221)
   defining Unicode char U+00DE (decimal 222)
   defining Unicode char U+00DF (decimal 223)
   defining Unicode char U+00E0 (decimal 224)
   defining Unicode char U+00E1 (decimal 225)
   defining Unicode char U+00E2 (decimal 226)
   defining Unicode char U+00E3 (decimal 227)
   defining Unicode char U+00E4 (decimal 228)
   defining Unicode char U+00E5 (decimal 229)
   defining Unicode char U+00E6 (decimal 230)
   defining Unicode char U+00E7 (decimal 231)
   defining Unicode char U+00E8 (decimal 232)
   defining Unicode char U+00E9 (decimal 233)
   defining Unicode char U+00EA (decimal 234)
   defining Unicode char U+00EB (decimal 235)
   defining Unicode char U+00EC (decimal 236)
   defining Unicode char U+00ED (decimal 237)
   defining Unicode char U+00EE (decimal 238)
   defining Unicode char U+00EF (decimal 239)
   defining Unicode char U+00F0 (decimal 240)
   defining Unicode char U+00F1 (decimal 241)
   defining Unicode char U+00F2 (decimal 242)
   defining Unicode char U+00F3 (decimal 243)
   defining Unicode char U+00F4 (decimal 244)
   defining Unicode char U+00F5 (decimal 245)
   defining Unicode char U+00F6 (decimal 246)
   defining Unicode char U+00F8 (decimal 248)
   defining Unicode char U+00F9 (decimal 249)
   defining Unicode char U+00FA (decimal 250)
   defining Unicode char U+00FB (decimal 251)
   defining Unicode char U+00FC (decimal 252)
   defining Unicode char U+00FD (decimal 253)
   defining Unicode char U+00FE (decimal 254)
   defining Unicode char U+00FF (decimal 255)
   defining Unicode char U+0100 (decimal 256)
   defining Unicode char U+0101 (decimal 257)
   defining Unicode char U+0102 (decimal 258)
   defining Unicode char U+0103 (decimal 259)
   defining Unicode char U+0104 (decimal 260)
   defining Unicode char U+0105 (decimal 261)
   defining Unicode char U+0106 (decimal 262)
   defining Unicode char U+0107 (decimal 263)
   defining Unicode char U+0108 (decimal 264)
   defining Unicode char U+0109 (decimal 265)
   defining Unicode char U+010A (decimal 266)
   defining Unicode char U+010B (decimal 267)
   defining Unicode char U+010C (decimal 268)
   defining Unicode char U+010D (decimal 269)
   defining Unicode char U+010E (decimal 270)
   defining Unicode char U+010F (decimal 271)
   defining Unicode char U+0110 (decimal 272)
   defining Unicode char U+0111 (decimal 273)
   defining Unicode char U+0112 (decimal 274)
   defining Unicode char U+0113 (decimal 275)
   defining Unicode char U+0114 (decimal 276)
   defining Unicode char U+0115 (decimal 277)
   defining Unicode char U+0116 (decimal 278)
   defining Unicode char U+0117 (decimal 279)
   defining Unicode char U+0118 (decimal 280)
   defining Unicode char U+0119 (decimal 281)
   defining Unicode char U+011A (decimal 282)
   defining Unicode char U+011B (decimal 283)
   defining Unicode char U+011C (decimal 284)
   defining Unicode char U+011D (decimal 285)
   defining Unicode char U+011E (decimal 286)
   defining Unicode char U+011F (decimal 287)
   defining Unicode char U+0120 (decimal 288)
   defining Unicode char U+0121 (decimal 289)
   defining Unicode char U+0122 (decimal 290)
   defining Unicode char U+0123 (decimal 291)
   defining Unicode char U+0124 (decimal 292)
   defining Unicode char U+0125 (decimal 293)
   defining Unicode char U+0128 (decimal 296)
   defining Unicode char U+0129 (decimal 297)
   defining Unicode char U+012A (decimal 298)
   defining Unicode char U+012B (decimal 299)
   defining Unicode char U+012C (decimal 300)
   defining Unicode char U+012D (decimal 301)
   defining Unicode char U+012E (decimal 302)
   defining Unicode char U+012F (decimal 303)
   defining Unicode char U+0130 (decimal 304)
   defining Unicode char U+0131 (decimal 305)
   defining Unicode char U+0132 (decimal 306)
   defining Unicode char U+0133 (decimal 307)
   defining Unicode char U+0134 (decimal 308)
   defining Unicode char U+0135 (decimal 309)
   defining Unicode char U+0136 (decimal 310)
   defining Unicode char U+0137 (decimal 311)
   defining Unicode char U+0139 (decimal 313)
   defining Unicode char U+013A (decimal 314)
   defining Unicode char U+013B (decimal 315)
   defining Unicode char U+013C (decimal 316)
   defining Unicode char U+013D (decimal 317)
   defining Unicode char U+013E (decimal 318)
   defining Unicode char U+0141 (decimal 321)
   defining Unicode char U+0142 (decimal 322)
   defining Unicode char U+0143 (decimal 323)
   defining Unicode char U+0144 (decimal 324)
   defining Unicode char U+0145 (decimal 325)
   defining Unicode char U+0146 (decimal 326)
   defining Unicode char U+0147 (decimal 327)
   defining Unicode char U+0148 (decimal 328)
   defining Unicode char U+014A (decimal 330)
   defining Unicode char U+014B (decimal 331)
   defining Unicode char U+014C (decimal 332)
   defining Unicode char U+014D (decimal 333)
   defining Unicode char U+014E (decimal 334)
   defining Unicode char U+014F (decimal 335)
   defining Unicode char U+0150 (decimal 336)
   defining Unicode char U+0151 (decimal 337)
   defining Unicode char U+0152 (decimal 338)
   defining Unicode char U+0153 (decimal 339)
   defining Unicode char U+0154 (decimal 340)
   defining Unicode char U+0155 (decimal 341)
   defining Unicode char U+0156 (decimal 342)
   defining Unicode char U+0157 (decimal 343)
   defining Unicode char U+0158 (decimal 344)
   defining Unicode char U+0159 (decimal 345)
   defining Unicode char U+015A (decimal 346)
   defining Unicode char U+015B (decimal 347)
   defining Unicode char U+015C (decimal 348)
   defining Unicode char U+015D (decimal 349)
   defining Unicode char U+015E (decimal 350)
   defining Unicode char U+015F (decimal 351)
   defining Unicode char U+0160 (decimal 352)
   defining Unicode char U+0161 (decimal 353)
   defining Unicode char U+0162 (decimal 354)
   defining Unicode char U+0163 (decimal 355)
   defining Unicode char U+0164 (decimal 356)
   defining Unicode char U+0165 (decimal 357)
   defining Unicode char U+0168 (decimal 360)
   defining Unicode char U+0169 (decimal 361)
   defining Unicode char U+016A (decimal 362)
   defining Unicode char U+016B (decimal 363)
   defining Unicode char U+016C (decimal 364)
   defining Unicode char U+016D (decimal 365)
   defining Unicode char U+016E (decimal 366)
   defining Unicode char U+016F (decimal 367)
   defining Unicode char U+0170 (decimal 368)
   defining Unicode char U+0171 (decimal 369)
   defining Unicode char U+0172 (decimal 370)
   defining Unicode char U+0173 (decimal 371)
   defining Unicode char U+0174 (decimal 372)
   defining Unicode char U+0175 (decimal 373)
   defining Unicode char U+0176 (decimal 374)
   defining Unicode char U+0177 (decimal 375)
   defining Unicode char U+0178 (decimal 376)
   defining Unicode char U+0179 (decimal 377)
   defining Unicode char U+017A (decimal 378)
   defining Unicode char U+017B (decimal 379)
   defining Unicode char U+017C (decimal 380)
   defining Unicode char U+017D (decimal 381)
   defining Unicode char U+017E (decimal 382)
   defining Unicode char U+01CD (decimal 461)
   defining Unicode char U+01CE (decimal 462)
   defining Unicode char U+01CF (decimal 463)
   defining Unicode char U+01D0 (decimal 464)
   defining Unicode char U+01D1 (decimal 465)
   defining Unicode char U+01D2 (decimal 466)
   defining Unicode char U+01D3 (decimal 467)
   defining Unicode char U+01D4 (decimal 468)
   defining Unicode char U+01E2 (decimal 482)
   defining Unicode char U+01E3 (decimal 483)
   defining Unicode char U+01E6 (decimal 486)
   defining Unicode char U+01E7 (decimal 487)
   defining Unicode char U+01E8 (decimal 488)
   defining Unicode char U+01E9 (decimal 489)
   defining Unicode char U+01EA (decimal 490)
   defining Unicode char U+01EB (decimal 491)
   defining Unicode char U+01F0 (decimal 496)
   defining Unicode char U+01F4 (decimal 500)
   defining Unicode char U+01F5 (decimal 501)
   defining Unicode char U+0218 (decimal 536)
   defining Unicode char U+0219 (decimal 537)
   defining Unicode char U+021A (decimal 538)
   defining Unicode char U+021B (decimal 539)
   defining Unicode char U+1E02 (decimal 7682)
   defining Unicode char U+1E03 (decimal 7683)
   defining Unicode char U+200C (decimal 8204)
   defining Unicode char U+2010 (decimal 8208)
   defining Unicode char U+2011 (decimal 8209)
   defining Unicode char U+2012 (decimal 8210)
   defining Unicode char U+2013 (decimal 8211)
   defining Unicode char U+2014 (decimal 8212)
   defining Unicode char U+2015 (decimal 8213)
   defining Unicode char U+2018 (decimal 8216)
   defining Unicode char U+2019 (decimal 8217)
   defining Unicode char U+201A (decimal 8218)
   defining Unicode char U+201C (decimal 8220)
   defining Unicode char U+201D (decimal 8221)
   defining Unicode char U+201E (decimal 8222)
   defining Unicode char U+2030 (decimal 8240)
   defining Unicode char U+2031 (decimal 8241)
   defining Unicode char U+2039 (decimal 8249)
   defining Unicode char U+203A (decimal 8250)
   defining Unicode char U+2423 (decimal 9251)
)
Now handling font encoding OT1 ...
... processing UTF-8 mapping file for font encoding OT1
(/usr/local/texlive/2016/texmf-dist/tex/latex/base/ot1enc.dfu
File: ot1enc.dfu 2016/02/28 v1.1s UTF-8 support for inputenc
   defining Unicode char U+00A0 (decimal 160)
   defining Unicode char U+00A1 (decimal 161)
   defining Unicode char U+00A3 (decimal 163)
   defining Unicode char U+00AD (decimal 173)
   defining Unicode char U+00B8 (decimal 184)
   defining Unicode char U+00BF (decimal 191)
   defining Unicode char U+00C5 (decimal 197)
   defining Unicode char U+00C6 (decimal 198)
   defining Unicode char U+00D8 (decimal 216)
   defining Unicode char U+00DF (decimal 223)
   defining Unicode char U+00E6 (decimal 230)
   defining Unicode char U+00EC (decimal 236)
   defining Unicode char U+00ED (decimal 237)
   defining Unicode char U+00EE (decimal 238)
   defining Unicode char U+00EF (decimal 239)
   defining Unicode char U+00F8 (decimal 248)
   defining Unicode char U+0131 (decimal 305)
   defining Unicode char U+0141 (decimal 321)
   defining Unicode char U+0142 (decimal 322)
   defining Unicode char U+0152 (decimal 338)
   defining Unicode char U+0153 (decimal 339)
   defining Unicode char U+0174 (decimal 372)
   defining Unicode char U+0175 (decimal 373)
   defining Unicode char U+0176 (decimal 374)
   defining Unicode char U+0177 (decimal 375)
   defining Unicode char U+0218 (decimal 536)
   defining Unicode char U+0219 (decimal 537)
   defining Unicode char U+021A (decimal 538)
   defining Unicode char U+021B (decimal 539)
   defining Unicode char U+2013 (decimal 8211)
   defining Unicode char U+2014 (decimal 8212)
   defining Unicode char U+2018 (decimal 8216)
   defining Unicode char U+2019 (decimal 8217)
   defining Unicode char U+201C (decimal 8220)
   defining Unicode char U+201D (decimal 8221)
)
Now handling font encoding OMS ...
... processing UTF-8 mapping file for font encoding OMS
(/usr/local/texlive/2016/texmf-dist/tex/latex/base/omsenc.dfu
File: omsenc.dfu 2016/02/28 v1.1s UTF-8 support for inputenc
   defining Unicode char U+00A7 (decimal 167)
   defining Unicode char U+00B6 (decimal 182)
   defining Unicode char U+00B7 (decimal 183)
   defining Unicode char U+2020 (decimal 8224)
   defining Unicode char U+2021 (decimal 8225)
   defining Unicode char U+2022 (decimal 8226)
)
Now handling font encoding OMX ...
... no UTF-8 mapping file for font encoding OMX
Now handling font encoding U ...
... no UTF-8 mapping file for font encoding U
Now handling font encoding PD1 ...
... no UTF-8 mapping file for font encoding PD1
   defining Unicode char U+00A9 (decimal 169)
   defining Unicode char U+00AA (decimal 170)
   defining Unicode char U+00AE (decimal 174)
   defining Unicode char U+00BA (decimal 186)
   defining Unicode char U+02C6 (decimal 710)
   defining Unicode char U+02DC (decimal 732)
   defining Unicode char U+200C (decimal 8204)
   defining Unicode char U+2026 (decimal 8230)
   defining Unicode char U+2122 (decimal 8482)
   defining Unicode char U+2423 (decimal 9251)
)) (/usr/local/texlive/2016/texmf-dist/tex/latex/wrapfig/wrapfig.sty
\wrapoverhang=\dimen190
\WF@size=\dimen191
\c@WF@wrappedlines=\count139
\WF@box=\box63
\WF@everypar=\toks39
Package: wrapfig 2003/01/31  v 3.6
) (/usr/local/texlive/2016/texmf-dist/tex/latex/caption/subcaption.sty
Package: subcaption 2016/02/20 v1.1-142 Sub-captions (AR)
\c@subfigure=\count140
\c@subtable=\count141
) (/usr/local/texlive/2016/texmf-dist/tex/latex/oberdiek/pdflscape.sty
Package: pdflscape 2016/05/14 v0.11 Display of landscape pages in PDF (HO)
(/usr/local/texlive/2016/texmf-dist/tex/latex/graphics/lscape.sty
Package: lscape 2000/10/22 v3.01 Landscape Pages (DPC)
)
Package pdflscape Info: Auto-detected driver: pdftex on input line 81.
) (/usr/local/texlive/2016/texmf-dist/tex/latex/filecontents/filecontents.sty
Package: filecontents 2011/10/08 v1.3 Create an external file from within a LaT
eX document
) (/usr/local/texlive/2016/texmf-dist/tex/latex/soul/soul.sty
Package: soul 2003/11/17 v2.4 letterspacing/underlining (mf)
\SOUL@word=\toks40
\SOUL@lasttoken=\toks41
\SOUL@cmds=\toks42
\SOUL@buffer=\toks43
\SOUL@token=\toks44
\SOUL@spaceskip=\skip63
\SOUL@ttwidth=\dimen192
\SOUL@uldp=\dimen193
\SOUL@ulht=\dimen194
) (/usr/local/texlive/2016/texmf-dist/tex/latex/oberdiek/grffile.sty
Package: grffile 2016/05/16 v1.17 Extended file name support for graphics (HO)
Package grffile Info: Option `multidot' is set to `true'.
Package grffile Info: Option `extendedchars' is set to `false'.
Package grffile Info: Option `space' is set to `true'.
Package grffile Info: \Gin@ii of package `graphicx' fixed on input line 486.
) (/usr/local/texlive/2016/texmf-dist/tex/latex/tools/afterpage.sty
Package: afterpage 2014/10/28 v1.08 After-Page Package (DPC)
\AP@output=\toks45
\AP@partial=\box64
\AP@footins=\box65
) (/usr/local/texlive/2016/texmf-dist/tex/latex/isodate/isodate.sty
Package: isodate 2010/01/03 v2.30 Print dates with different formats (HH)
(/usr/local/texlive/2016/texmf-dist/tex/latex/base/ifthen.sty
Package: ifthen 2014/09/29 v1.1c Standard LaTeX ifthen package (DPC)
) (/usr/local/texlive/2016/texmf-dist/tex/latex/substr/substr.sty
Package: substr 2009/10/20 v1.2 Handle substrings
\c@su@anzahl=\count142
) (/usr/local/texlive/2016/texmf-dist/tex/latex/isodate/english.idf
File: english.idf 2010/01/03 v2.30 Language definitions for isodate package (HH
)
Define commands for English date format
)
\c@iso@tmpmonth=\count143
\c@iso@yeartwo=\count144
\c@iso@slash=\count145
\c@iso@minus=\count146
\c@iso@dot=\count147
\c@iso@@slash=\count148
\c@iso@@minus=\count149
\c@iso@@dot=\count150
) (/usr/local/texlive/2016/texmf-dist/tex/latex/anyfontsize/anyfontsize.sty
Package: anyfontsize 2007/11/22 anyfontsize.sty by pts
) (./MPhil_thesis.aux)
\openout1 = `MPhil_thesis.aux'.

LaTeX Font Info:    Checking defaults for OML/cmm/m/it on input line 60.
LaTeX Font Info:    ... okay on input line 60.
LaTeX Font Info:    Checking defaults for T1/cmr/m/n on input line 60.
LaTeX Font Info:    ... okay on input line 60.
LaTeX Font Info:    Checking defaults for OT1/cmr/m/n on input line 60.
LaTeX Font Info:    ... okay on input line 60.
LaTeX Font Info:    Checking defaults for OMS/cmsy/m/n on input line 60.
LaTeX Font Info:    ... okay on input line 60.
LaTeX Font Info:    Checking defaults for OMX/cmex/m/n on input line 60.
LaTeX Font Info:    ... okay on input line 60.
LaTeX Font Info:    Checking defaults for U/cmr/m/n on input line 60.
LaTeX Font Info:    ... okay on input line 60.
LaTeX Font Info:    Checking defaults for PD1/pdf/m/n on input line 60.
LaTeX Font Info:    ... okay on input line 60.
(/usr/local/texlive/2016/texmf-dist/tex/context/base/mkii/supp-pdf.mkii
[Loading MPS to PDF converter (version 2006.09.02).]
\scratchcounter=\count151
\scratchdimen=\dimen195
\scratchbox=\box66
\nofMPsegments=\count152
\nofMParguments=\count153
\everyMPshowfont=\toks46
\MPscratchCnt=\count154
\MPscratchDim=\dimen196
\MPnumerator=\count155
\makeMPintoPDFobject=\count156
\everyMPtoPDFconversion=\toks47
) (/usr/local/texlive/2016/texmf-dist/tex/latex/oberdiek/epstopdf-base.sty
Package: epstopdf-base 2016/05/15 v2.6 Base part for package epstopdf
(/usr/local/texlive/2016/texmf-dist/tex/latex/oberdiek/grfext.sty
Package: grfext 2016/05/16 v1.2 Manage graphics extensions (HO)
)
Package grfext Info: Graphics extension search list:
(grfext)             [.png,.pdf,.jpg,.mps,.jpeg,.jbig2,.jb2,.PNG,.PDF,.JPG,.JPE
G,.JBIG2,.JB2,.eps]
(grfext)             \AppendGraphicsExtensions on input line 456.
(/usr/local/texlive/2016/texmf-dist/tex/latex/latexconfig/epstopdf-sys.cfg
File: epstopdf-sys.cfg 2010/07/13 v1.3 Configuration of (r)epstopdf for TeX Liv
e
))
\AtBeginShipoutBox=\box67
Package hyperref Info: Link coloring OFF on input line 60.
(/usr/local/texlive/2016/texmf-dist/tex/latex/hyperref/nameref.sty
Package: nameref 2012/10/27 v2.43 Cross-referencing by name of section
(/usr/local/texlive/2016/texmf-dist/tex/generic/oberdiek/gettitlestring.sty
Package: gettitlestring 2016/05/16 v1.5 Cleanup title references (HO)
)
\c@section@level=\count157
)
LaTeX Info: Redefining \ref on input line 60.
LaTeX Info: Redefining \pageref on input line 60.
LaTeX Info: Redefining \nameref on input line 60.
(./MPhil_thesis.out) (./MPhil_thesis.out)
\@outlinefile=\write4
\openout4 = `MPhil_thesis.out'.

Package caption Info: Begin \AtBeginDocument code.
Package caption Info: wrapfig package is loaded.
Package caption Info: End \AtBeginDocument code.
*geometry* driver: auto-detecting
*geometry* detected driver: pdftex
*geometry* verbose mode - [ preamble ] result:
* driver: pdftex
* paper: a4paper
* layout: <same size as paper>
* layoutoffset:(h,v)=(0.0pt,0.0pt)
* modes: 
* h-part:(L,W,R)=(42.67912pt, 512.14963pt, 42.67912pt)
* v-part:(T,H,B)=(56.9055pt, 731.23584pt, 56.9055pt)
* \paperwidth=597.50787pt
* \paperheight=845.04684pt
* \textwidth=512.14963pt
* \textheight=731.23584pt
* \oddsidemargin=-29.59087pt
* \evensidemargin=-29.59087pt
* \topmargin=-52.36449pt
* \headheight=12.0pt
* \headsep=25.0pt
* \topskip=11.0pt
* \footskip=30.0pt
* \marginparwidth=59.0pt
* \marginparsep=10.0pt
* \columnsep=10.0pt
* \skip\footins=10.0pt plus 4.0pt minus 2.0pt
* \hoffset=0.0pt
* \voffset=0.0pt
* \mag=1000
* \@twocolumnfalse
* \@twosidefalse
* \@mparswitchfalse
* \@reversemarginfalse
* (1in=72.27pt=25.4mm, 1cm=28.453pt)

ABD: EveryShipout initializing macros ABD: EverySelectfont initializing macros
LaTeX Info: Redefining \selectfont on input line 60.
isodate: babel.sty, (n)german.sty have not been loaded

</Users/Tilmanski/Documents/UNI/MPhil/Second Year/Thesis_Git/Write/Thesis/beltc
rest.pdf, id=7, 116.435pt x 139.52126pt>
File: /Users/Tilmanski/Documents/UNI/MPhil/Second Year/Thesis_Git/Write/Thesis/
beltcrest.pdf Graphic file (type pdf)

<use /Users/Tilmanski/Documents/UNI/MPhil/Second Year/Thesis_Git/Write/Thesis/b
eltcrest.pdf>
Package pdftex.def Info: /Users/Tilmanski/Documents/UNI/MPhil/Second Year/Thesi
s_Git/Write/Thesis/beltcrest.pdf used on input line 81.
(pdftex.def)             Requested size: 204.85672pt x 245.50067pt.
[1

{/usr/local/texlive/2016/texmf-var/fonts/map/pdftex/updmap/pdftex.map} </Users/
Tilmanski/Documents/UNI/MPhil/Second Year/Thesis_Git/Write/Thesis/beltcrest.pdf
>] (./MPhil_thesis.toc
LaTeX Font Info:    Try loading font information for U+msa on input line 3.
(/usr/local/texlive/2016/texmf-dist/tex/latex/amsfonts/umsa.fd
File: umsa.fd 2013/01/14 v3.01 AMS symbols A
)
LaTeX Font Info:    Try loading font information for U+msb on input line 3.
(/usr/local/texlive/2016/texmf-dist/tex/latex/amsfonts/umsb.fd
File: umsb.fd 2013/01/14 v3.01 AMS symbols B
))
\tf@toc=\write5
\openout5 = `MPhil_thesis.toc'.

pdfTeX warning (ext4): destination with the same identifier (name{page.1}) has 
been already used, duplicate ignored
<to be read again> 
                   \relax 
l.111 \newpage
               [1] [2] [3] [4] [5] [6] [7]

LaTeX Font Warning: Font shape `OT1/cmr/bx/sc' undefined
(Font)              using `OT1/cmr/bx/n' instead on input line 226.


Overfull \hbox (103.55756pt too wide) in paragraph at lines 226--226
[] 
 []

[8] [9] [10] [11]
</Users/Tilmanski/Documents/UNI/MPhil/Second Year/Thesis_Git/Build/output/Road_
Networks/network_Nigeria.png, id=354, 481.8pt x 481.8pt>
File: /Users/Tilmanski/Documents/UNI/MPhil/Second Year/Thesis_Git/Build/output/
Road_Networks/network_Nigeria.png Graphic file (type png)

<use /Users/Tilmanski/Documents/UNI/MPhil/Second Year/Thesis_Git/Build/output/R
oad_Networks/network_Nigeria.png>
Package pdftex.def Info: /Users/Tilmanski/Documents/UNI/MPhil/Second Year/Thesi
s_Git/Build/output/Road_Networks/network_Nigeria.png used on input line 274.
(pdftex.def)             Requested size: 220.22058pt x 192.57648pt.

</Users/Tilmanski/Documents/UNI/MPhil/Second Year/Thesis_Git/Build/output/Road_
Networks/network_Mali.png, id=357, 481.8pt x 481.8pt>
File: /Users/Tilmanski/Documents/UNI/MPhil/Second Year/Thesis_Git/Build/output/
Road_Networks/network_Mali.png Graphic file (type png)

<use /Users/Tilmanski/Documents/UNI/MPhil/Second Year/Thesis_Git/Build/output/R
oad_Networks/network_Mali.png>
Package pdftex.def Info: /Users/Tilmanski/Documents/UNI/MPhil/Second Year/Thesi
s_Git/Build/output/Road_Networks/network_Mali.png used on input line 279.
(pdftex.def)             Requested size: 220.22058pt x 192.57648pt.

</Users/Tilmanski/Documents/UNI/MPhil/Second Year/Thesis_Git/Build/output/Road_
Networks/network_Ethiopia.png, id=359, 481.8pt x 481.8pt>
File: /Users/Tilmanski/Documents/UNI/MPhil/Second Year/Thesis_Git/Build/output/
Road_Networks/network_Ethiopia.png Graphic file (type png)

<use /Users/Tilmanski/Documents/UNI/MPhil/Second Year/Thesis_Git/Build/output/R
oad_Networks/network_Ethiopia.png>
Package pdftex.def Info: /Users/Tilmanski/Documents/UNI/MPhil/Second Year/Thesi
s_Git/Build/output/Road_Networks/network_Ethiopia.png used on input line 285.
(pdftex.def)             Requested size: 220.22058pt x 192.57648pt.

</Users/Tilmanski/Documents/UNI/MPhil/Second Year/Thesis_Git/Build/output/Road_
Networks/network_Rwanda.png, id=361, 481.8pt x 481.8pt>
File: /Users/Tilmanski/Documents/UNI/MPhil/Second Year/Thesis_Git/Build/output/
Road_Networks/network_Rwanda.png Graphic file (type png)

<use /Users/Tilmanski/Documents/UNI/MPhil/Second Year/Thesis_Git/Build/output/R
oad_Networks/network_Rwanda.png>
Package pdftex.def Info: /Users/Tilmanski/Documents/UNI/MPhil/Second Year/Thesi
s_Git/Build/output/Road_Networks/network_Rwanda.png used on input line 290.
(pdftex.def)             Requested size: 220.22058pt x 192.57648pt.
[12] [13 </Users/Tilmanski/Documents/UNI/MPhil/Second Year/Thesis_Git/Build/out
put/Road_Networks/network_Nigeria.png> </Users/Tilmanski/Documents/UNI/MPhil/Se
cond Year/Thesis_Git/Build/output/Road_Networks/network_Mali.png> </Users/Tilma
nski/Documents/UNI/MPhil/Second Year/Thesis_Git/Build/output/Road_Networks/netw
ork_Ethiopia.png> </Users/Tilmanski/Documents/UNI/MPhil/Second Year/Thesis_Git/
Build/output/Road_Networks/network_Rwanda.png>] [14] [15]
</Users/Tilmanski/Documents/UNI/MPhil/Second Year/Thesis_Git/Build/output/Matla
b_graphs/Nicer_graphs/Nigeria_stat.png, id=446, 562.2606pt x 421.575pt>
File: /Users/Tilmanski/Documents/UNI/MPhil/Second Year/Thesis_Git/Build/output/
Matlab_graphs/Nicer_graphs/Nigeria_stat.png Graphic file (type png)

<use /Users/Tilmanski/Documents/UNI/MPhil/Second Year/Thesis_Git/Build/output/M
atlab_graphs/Nicer_graphs/Nigeria_stat.png>
Package pdftex.def Info: /Users/Tilmanski/Documents/UNI/MPhil/Second Year/Thesi
s_Git/Build/output/Matlab_graphs/Nicer_graphs/Nigeria_stat.png used on input li
ne 354.
(pdftex.def)             Requested size: 230.46576pt x 195.81682pt.

</Users/Tilmanski/Documents/UNI/MPhil/Second Year/Thesis_Git/Build/output/Matla
b_graphs/Nicer_graphs/Mali_stat.png, id=448, 562.2606pt x 421.575pt>
File: /Users/Tilmanski/Documents/UNI/MPhil/Second Year/Thesis_Git/Build/output/
Matlab_graphs/Nicer_graphs/Mali_stat.png Graphic file (type png)

<use /Users/Tilmanski/Documents/UNI/MPhil/Second Year/Thesis_Git/Build/output/M
atlab_graphs/Nicer_graphs/Mali_stat.png>
Package pdftex.def Info: /Users/Tilmanski/Documents/UNI/MPhil/Second Year/Thesi
s_Git/Build/output/Matlab_graphs/Nicer_graphs/Mali_stat.png used on input line 
359.
(pdftex.def)             Requested size: 230.46576pt x 195.81682pt.

</Users/Tilmanski/Documents/UNI/MPhil/Second Year/Thesis_Git/Build/output/Matla
b_graphs/Nicer_graphs/Ethiopia_stat.png, id=450, 562.2606pt x 421.575pt>
File: /Users/Tilmanski/Documents/UNI/MPhil/Second Year/Thesis_Git/Build/output/
Matlab_graphs/Nicer_graphs/Ethiopia_stat.png Graphic file (type png)

<use /Users/Tilmanski/Documents/UNI/MPhil/Second Year/Thesis_Git/Build/output/M
atlab_graphs/Nicer_graphs/Ethiopia_stat.png>
Package pdftex.def Info: /Users/Tilmanski/Documents/UNI/MPhil/Second Year/Thesi
s_Git/Build/output/Matlab_graphs/Nicer_graphs/Ethiopia_stat.png used on input l
ine 365.
(pdftex.def)             Requested size: 230.46576pt x 195.81682pt.

</Users/Tilmanski/Documents/UNI/MPhil/Second Year/Thesis_Git/Build/output/Matla
b_graphs/Nicer_graphs/Rwanda_stat.png, id=452, 562.2606pt x 421.575pt>
File: /Users/Tilmanski/Documents/UNI/MPhil/Second Year/Thesis_Git/Build/output/
Matlab_graphs/Nicer_graphs/Rwanda_stat.png Graphic file (type png)

<use /Users/Tilmanski/Documents/UNI/MPhil/Second Year/Thesis_Git/Build/output/M
atlab_graphs/Nicer_graphs/Rwanda_stat.png>
Package pdftex.def Info: /Users/Tilmanski/Documents/UNI/MPhil/Second Year/Thesi
s_Git/Build/output/Matlab_graphs/Nicer_graphs/Rwanda_stat.png used on input lin
e 370.
(pdftex.def)             Requested size: 230.46576pt x 195.81682pt.
[16] [17 </Users/Tilmanski/Documents/UNI/MPhil/Second Year/Thesis_Git/Build/out
put/Matlab_graphs/Nicer_graphs/Nigeria_stat.png (PNG copy)> </Users/Tilmanski/D
ocuments/UNI/MPhil/Second Year/Thesis_Git/Build/output/Matlab_graphs/Nicer_grap
hs/Mali_stat.png (PNG copy)> </Users/Tilmanski/Documents/UNI/MPhil/Second Year/
Thesis_Git/Build/output/Matlab_graphs/Nicer_graphs/Ethiopia_stat.png (PNG copy)
> </Users/Tilmanski/Documents/UNI/MPhil/Second Year/Thesis_Git/Build/output/Mat
lab_graphs/Nicer_graphs/Rwanda_stat.png (PNG copy)>] [18]
</Users/Tilmanski/Documents/UNI/MPhil/Second Year/Thesis_Git/Build/output/Matla
b_graphs/Nicer_graphs/Central-African-Republic_stat.png, id=496, 562.2606pt x 4
21.575pt>
File: /Users/Tilmanski/Documents/UNI/MPhil/Second Year/Thesis_Git/Build/output/
Matlab_graphs/Nicer_graphs/Central-African-Republic_stat.png Graphic file (type
 png)

<use /Users/Tilmanski/Documents/UNI/MPhil/Second Year/Thesis_Git/Build/output/M
atlab_graphs/Nicer_graphs/Central-African-Republic_stat.png>
Package pdftex.def Info: /Users/Tilmanski/Documents/UNI/MPhil/Second Year/Thesi
s_Git/Build/output/Matlab_graphs/Nicer_graphs/Central-African-Republic_stat.png
 used on input line 432.
(pdftex.def)             Requested size: 230.46576pt x 195.81682pt.

</Users/Tilmanski/Documents/UNI/MPhil/Second Year/Thesis_Git/Build/output/Matla
b_graphs/Nicer_graphs/Central-African-Republic_opt.png, id=498, 562.2606pt x 42
1.575pt>
File: /Users/Tilmanski/Documents/UNI/MPhil/Second Year/Thesis_Git/Build/output/
Matlab_graphs/Nicer_graphs/Central-African-Republic_opt.png Graphic file (type 
png)

<use /Users/Tilmanski/Documents/UNI/MPhil/Second Year/Thesis_Git/Build/output/M
atlab_graphs/Nicer_graphs/Central-African-Republic_opt.png>
Package pdftex.def Info: /Users/Tilmanski/Documents/UNI/MPhil/Second Year/Thesi
s_Git/Build/output/Matlab_graphs/Nicer_graphs/Central-African-Republic_opt.png 
used on input line 432.
(pdftex.def)             Requested size: 230.46576pt x 195.81682pt.

</Users/Tilmanski/Documents/UNI/MPhil/Second Year/Thesis_Git/Build/output/Matla
b_graphs/Nicer_graphs/United-Republic-of-Tanzania_stat.png, id=500, 562.2606pt 
x 421.575pt>
File: /Users/Tilmanski/Documents/UNI/MPhil/Second Year/Thesis_Git/Build/output/
Matlab_graphs/Nicer_graphs/United-Republic-of-Tanzania_stat.png Graphic file (t
ype png)

<use /Users/Tilmanski/Documents/UNI/MPhil/Second Year/Thesis_Git/Build/output/M
atlab_graphs/Nicer_graphs/United-Republic-of-Tanzania_stat.png>
Package pdftex.def Info: /Users/Tilmanski/Documents/UNI/MPhil/Second Year/Thesi
s_Git/Build/output/Matlab_graphs/Nicer_graphs/United-Republic-of-Tanzania_stat.
png used on input line 432.
(pdftex.def)             Requested size: 230.46576pt x 195.81682pt.

</Users/Tilmanski/Documents/UNI/MPhil/Second Year/Thesis_Git/Build/output/Matla
b_graphs/Nicer_graphs/United-Republic-of-Tanzania_opt.png, id=502, 562.2606pt x
 421.575pt>
File: /Users/Tilmanski/Documents/UNI/MPhil/Second Year/Thesis_Git/Build/output/
Matlab_graphs/Nicer_graphs/United-Republic-of-Tanzania_opt.png Graphic file (ty
pe png)

<use /Users/Tilmanski/Documents/UNI/MPhil/Second Year/Thesis_Git/Build/output/M
atlab_graphs/Nicer_graphs/United-Republic-of-Tanzania_opt.png>
Package pdftex.def Info: /Users/Tilmanski/Documents/UNI/MPhil/Second Year/Thesi
s_Git/Build/output/Matlab_graphs/Nicer_graphs/United-Republic-of-Tanzania_opt.p
ng used on input line 432.
(pdftex.def)             Requested size: 230.46576pt x 195.81682pt.
File: /Users/Tilmanski/Documents/UNI/MPhil/Second Year/Thesis_Git/Build/output/
Matlab_graphs/Nicer_graphs/Rwanda_stat.png Graphic file (type png)

<use /Users/Tilmanski/Documents/UNI/MPhil/Second Year/Thesis_Git/Build/output/M
atlab_graphs/Nicer_graphs/Rwanda_stat.png>
Package pdftex.def Info: /Users/Tilmanski/Documents/UNI/MPhil/Second Year/Thesi
s_Git/Build/output/Matlab_graphs/Nicer_graphs/Rwanda_stat.png used on input lin
e 432.
(pdftex.def)             Requested size: 230.46576pt x 209.98932pt.

</Users/Tilmanski/Documents/UNI/MPhil/Second Year/Thesis_Git/Build/output/Matla
b_graphs/Nicer_graphs/Rwanda_opt.png, id=505, 562.2606pt x 421.575pt>
File: /Users/Tilmanski/Documents/UNI/MPhil/Second Year/Thesis_Git/Build/output/
Matlab_graphs/Nicer_graphs/Rwanda_opt.png Graphic file (type png)

<use /Users/Tilmanski/Documents/UNI/MPhil/Second Year/Thesis_Git/Build/output/M
atlab_graphs/Nicer_graphs/Rwanda_opt.png>
Package pdftex.def Info: /Users/Tilmanski/Documents/UNI/MPhil/Second Year/Thesi
s_Git/Build/output/Matlab_graphs/Nicer_graphs/Rwanda_opt.png used on input line
 432.
(pdftex.def)             Requested size: 230.46576pt x 209.98932pt.

LaTeX Warning: `!h' float specifier changed to `!ht'.

[19 </Users/Tilmanski/Documents/UNI/MPhil/Second Year/Thesis_Git/Build/output/M
atlab_graphs/Nicer_graphs/Central-African-Republic_stat.png (PNG copy)> </Users
/Tilmanski/Documents/UNI/MPhil/Second Year/Thesis_Git/Build/output/Matlab_graph
s/Nicer_graphs/Central-African-Republic_opt.png (PNG copy)> </Users/Tilmanski/D
ocuments/UNI/MPhil/Second Year/Thesis_Git/Build/output/Matlab_graphs/Nicer_grap
hs/United-Republic-of-Tanzania_stat.png (PNG copy)> </Users/Tilmanski/Documents
/UNI/MPhil/Second Year/Thesis_Git/Build/output/Matlab_graphs/Nicer_graphs/Unite
d-Republic-of-Tanzania_opt.png (PNG copy)> </Users/Tilmanski/Documents/UNI/MPhi
l/Second Year/Thesis_Git/Build/output/Matlab_graphs/Nicer_graphs/Rwanda_opt.png
 (PNG copy)>] [20

]
</Users/Tilmanski/Documents/UNI/MPhil/Second Year/Thesis_Git/Analysis/output/ze
ta_heatmaps/African_countries_zeta.png, id=540, 1806.75pt x 1806.75pt>
File: /Users/Tilmanski/Documents/UNI/MPhil/Second Year/Thesis_Git/Analysis/outp
ut/zeta_heatmaps/African_countries_zeta.png Graphic file (type png)

<use /Users/Tilmanski/Documents/UNI/MPhil/Second Year/Thesis_Git/Analysis/outpu
t/zeta_heatmaps/African_countries_zeta.png>
Package pdftex.def Info: /Users/Tilmanski/Documents/UNI/MPhil/Second Year/Thesi
s_Git/Analysis/output/zeta_heatmaps/African_countries_zeta.png used on input li
ne 443.
(pdftex.def)             Requested size: 307.2929pt x 282.31203pt.
[21 </Users/Tilmanski/Documents/UNI/MPhil/Second Year/Thesis_Git/Analysis/outpu
t/zeta_heatmaps/African_countries_zeta.png>]
</Users/Tilmanski/Documents/UNI/MPhil/Second Year/Thesis_Git/Analysis/output/ze
ta_heatmaps/Central-African-Republic_zeta.png, id=555, 481.8pt x 481.8pt>
File: /Users/Tilmanski/Documents/UNI/MPhil/Second Year/Thesis_Git/Analysis/outp
ut/zeta_heatmaps/Central-African-Republic_zeta.png Graphic file (type png)

<use /Users/Tilmanski/Documents/UNI/MPhil/Second Year/Thesis_Git/Analysis/outpu
t/zeta_heatmaps/Central-African-Republic_zeta.png>
Package pdftex.def Info: /Users/Tilmanski/Documents/UNI/MPhil/Second Year/Thesi
s_Git/Analysis/output/zeta_heatmaps/Central-African-Republic_zeta.png used on i
nput line 465.
(pdftex.def)             Requested size: 163.89162pt x 163.89069pt.

</Users/Tilmanski/Documents/UNI/MPhil/Second Year/Thesis_Git/Analysis/output/ze
ta_heatmaps/United-Republic-of-Tanzania_zeta.png, id=556, 481.8pt x 481.8pt>
File: /Users/Tilmanski/Documents/UNI/MPhil/Second Year/Thesis_Git/Analysis/outp
ut/zeta_heatmaps/United-Republic-of-Tanzania_zeta.png Graphic file (type png)

<use /Users/Tilmanski/Documents/UNI/MPhil/Second Year/Thesis_Git/Analysis/outpu
t/zeta_heatmaps/United-Republic-of-Tanzania_zeta.png>
Package pdftex.def Info: /Users/Tilmanski/Documents/UNI/MPhil/Second Year/Thesi
s_Git/Analysis/output/zeta_heatmaps/United-Republic-of-Tanzania_zeta.png used o
n input line 470.
(pdftex.def)             Requested size: 163.89162pt x 163.89069pt.

</Users/Tilmanski/Documents/UNI/MPhil/Second Year/Thesis_Git/Analysis/output/ze
ta_heatmaps/Rwanda_zeta.png, id=557, 481.8pt x 481.8pt>
File: /Users/Tilmanski/Documents/UNI/MPhil/Second Year/Thesis_Git/Analysis/outp
ut/zeta_heatmaps/Rwanda_zeta.png Graphic file (type png)

<use /Users/Tilmanski/Documents/UNI/MPhil/Second Year/Thesis_Git/Analysis/outpu
t/zeta_heatmaps/Rwanda_zeta.png>
Package pdftex.def Info: /Users/Tilmanski/Documents/UNI/MPhil/Second Year/Thesi
s_Git/Analysis/output/zeta_heatmaps/Rwanda_zeta.png used on input line 475.
(pdftex.def)             Requested size: 163.89162pt x 163.89069pt.

</Users/Tilmanski/Documents/UNI/MPhil/Second Year/Thesis_Git/Analysis/output/ze
ta_heatmaps/Madagascar_zeta.png, id=558, 481.8pt x 481.8pt>
File: /Users/Tilmanski/Documents/UNI/MPhil/Second Year/Thesis_Git/Analysis/outp
ut/zeta_heatmaps/Madagascar_zeta.png Graphic file (type png)

<use /Users/Tilmanski/Documents/UNI/MPhil/Second Year/Thesis_Git/Analysis/outpu
t/zeta_heatmaps/Madagascar_zeta.png>
Package pdftex.def Info: /Users/Tilmanski/Documents/UNI/MPhil/Second Year/Thesi
s_Git/Analysis/output/zeta_heatmaps/Madagascar_zeta.png used on input line 481.

(pdftex.def)             Requested size: 163.89162pt x 163.89069pt.

</Users/Tilmanski/Documents/UNI/MPhil/Second Year/Thesis_Git/Analysis/output/ze
ta_heatmaps/Kenya_zeta.png, id=559, 481.8pt x 481.8pt>
File: /Users/Tilmanski/Documents/UNI/MPhil/Second Year/Thesis_Git/Analysis/outp
ut/zeta_heatmaps/Kenya_zeta.png Graphic file (type png)

<use /Users/Tilmanski/Documents/UNI/MPhil/Second Year/Thesis_Git/Analysis/outpu
t/zeta_heatmaps/Kenya_zeta.png>
Package pdftex.def Info: /Users/Tilmanski/Documents/UNI/MPhil/Second Year/Thesi
s_Git/Analysis/output/zeta_heatmaps/Kenya_zeta.png used on input line 486.
(pdftex.def)             Requested size: 163.89162pt x 163.89069pt.

</Users/Tilmanski/Documents/UNI/MPhil/Second Year/Thesis_Git/Analysis/output/ze
ta_heatmaps/Chad_zeta.png, id=560, 481.8pt x 481.8pt>
File: /Users/Tilmanski/Documents/UNI/MPhil/Second Year/Thesis_Git/Analysis/outp
ut/zeta_heatmaps/Chad_zeta.png Graphic file (type png)

<use /Users/Tilmanski/Documents/UNI/MPhil/Second Year/Thesis_Git/Analysis/outpu
t/zeta_heatmaps/Chad_zeta.png>
Package pdftex.def Info: /Users/Tilmanski/Documents/UNI/MPhil/Second Year/Thesi
s_Git/Analysis/output/zeta_heatmaps/Chad_zeta.png used on input line 491.
(pdftex.def)             Requested size: 163.89162pt x 163.89069pt.
[22 </Users/Tilmanski/Documents/UNI/MPhil/Second Year/Thesis_Git/Analysis/outpu
t/zeta_heatmaps/Central-African-Republic_zeta.png> </Users/Tilmanski/Documents/
UNI/MPhil/Second Year/Thesis_Git/Analysis/output/zeta_heatmaps/United-Republic-
of-Tanzania_zeta.png> </Users/Tilmanski/Documents/UNI/MPhil/Second Year/Thesis_
Git/Analysis/output/zeta_heatmaps/Rwanda_zeta.png> </Users/Tilmanski/Documents/
UNI/MPhil/Second Year/Thesis_Git/Analysis/output/zeta_heatmaps/Madagascar_zeta.
png> </Users/Tilmanski/Documents/UNI/MPhil/Second Year/Thesis_Git/Analysis/outp
ut/zeta_heatmaps/Kenya_zeta.png> </Users/Tilmanski/Documents/UNI/MPhil/Second Y
ear/Thesis_Git/Analysis/output/zeta_heatmaps/Chad_zeta.png>]
</Users/Tilmanski/Documents/UNI/MPhil/Second Year/Thesis_Git/Analysis/output/ze
ta_heatmaps/African_gridcells_zeta.png, id=582, 1806.75pt x 1806.75pt>
File: /Users/Tilmanski/Documents/UNI/MPhil/Second Year/Thesis_Git/Analysis/outp
ut/zeta_heatmaps/African_gridcells_zeta.png Graphic file (type png)

<use /Users/Tilmanski/Documents/UNI/MPhil/Second Year/Thesis_Git/Analysis/outpu
t/zeta_heatmaps/African_gridcells_zeta.png>
Package pdftex.def Info: /Users/Tilmanski/Documents/UNI/MPhil/Second Year/Thesi
s_Git/Analysis/output/zeta_heatmaps/African_gridcells_zeta.png used on input li
ne 511.
(pdftex.def)             Requested size: 332.89412pt x 294.98627pt.

Overfull \hbox (6.89479pt too wide) in paragraph at lines 523--523
[]\OT1/cmr/bx/n/14.4 An em-pir-i-cal in-ves-ti-ga-tion into Africa's trade net-
work in-ef-fi-cien-cies 
 []

[23] [24 </Users/Tilmanski/Documents/UNI/MPhil/Second Year/Thesis_Git/Analysis/
output/zeta_heatmaps/African_gridcells_zeta.png>] [25] [26]
</Users/Tilmanski/Documents/UNI/MPhil/Second Year/Thesis_Git/Analysis/output/ot
her_maps/all_rails.png, id=691, 1806.75pt x 1806.75pt>
File: /Users/Tilmanski/Documents/UNI/MPhil/Second Year/Thesis_Git/Analysis/outp
ut/other_maps/all_rails.png Graphic file (type png)

<use /Users/Tilmanski/Documents/UNI/MPhil/Second Year/Thesis_Git/Analysis/outpu
t/other_maps/all_rails.png>
Package pdftex.def Info: /Users/Tilmanski/Documents/UNI/MPhil/Second Year/Thesi
s_Git/Analysis/output/other_maps/all_rails.png used on input line 560.
(pdftex.def)             Requested size: 245.82962pt x 219.94218pt.

</Users/Tilmanski/Documents/UNI/MPhil/Second Year/Thesis_Git/Analysis/output/ot
her_maps/emst.png, id=693, 1806.75pt x 1806.75pt>
File: /Users/Tilmanski/Documents/UNI/MPhil/Second Year/Thesis_Git/Analysis/outp
ut/other_maps/emst.png Graphic file (type png)

<use /Users/Tilmanski/Documents/UNI/MPhil/Second Year/Thesis_Git/Analysis/outpu
t/other_maps/emst.png>
Package pdftex.def Info: /Users/Tilmanski/Documents/UNI/MPhil/Second Year/Thesi
s_Git/Analysis/output/other_maps/emst.png used on input line 565.
(pdftex.def)             Requested size: 245.82962pt x 219.94218pt.
[27] [28 </Users/Tilmanski/Documents/UNI/MPhil/Second Year/Thesis_Git/Analysis/
output/other_maps/all_rails.png> </Users/Tilmanski/Documents/UNI/MPhil/Second Y
ear/Thesis_Git/Analysis/output/other_maps/emst.png>] [29] [30] [31] [32]
</Users/Tilmanski/Documents/UNI/MPhil/Second Year/Thesis_Git/Analysis/output/ot
her_maps/ethnicity_zeta.png, id=804, 1204.5pt x 1204.5pt>
File: /Users/Tilmanski/Documents/UNI/MPhil/Second Year/Thesis_Git/Analysis/outp
ut/other_maps/ethnicity_zeta.png Graphic file (type png)

<use /Users/Tilmanski/Documents/UNI/MPhil/Second Year/Thesis_Git/Analysis/outpu
t/other_maps/ethnicity_zeta.png>
Package pdftex.def Info: /Users/Tilmanski/Documents/UNI/MPhil/Second Year/Thesi
s_Git/Analysis/output/other_maps/ethnicity_zeta.png used on input line 749.
(pdftex.def)             Requested size: 332.89412pt x 272.47838pt.
[33] [34 </Users/Tilmanski/Documents/UNI/MPhil/Second Year/Thesis_Git/Analysis/
output/other_maps/ethnicity_zeta.png>] [35] [36] [37] [38] [39] [40] [41] [42]
</Users/Tilmanski/Documents/UNI/MPhil/Second Year/Thesis_Git/Analysis/output/ot
her_maps/aid_wb.png, id=1085, 1806.75pt x 1806.75pt>
File: /Users/Tilmanski/Documents/UNI/MPhil/Second Year/Thesis_Git/Analysis/outp
ut/other_maps/aid_wb.png Graphic file (type png)

<use /Users/Tilmanski/Documents/UNI/MPhil/Second Year/Thesis_Git/Analysis/outpu
t/other_maps/aid_wb.png>
Package pdftex.def Info: /Users/Tilmanski/Documents/UNI/MPhil/Second Year/Thesi
s_Git/Analysis/output/other_maps/aid_wb.png used on input line 925.
(pdftex.def)             Requested size: 245.82962pt x 252.2113pt.

</Users/Tilmanski/Documents/UNI/MPhil/Second Year/Thesis_Git/Analysis/output/ot
her_maps/aid_China.png, id=1087, 1806.75pt x 1806.75pt>
File: /Users/Tilmanski/Documents/UNI/MPhil/Second Year/Thesis_Git/Analysis/outp
ut/other_maps/aid_China.png Graphic file (type png)

<use /Users/Tilmanski/Documents/UNI/MPhil/Second Year/Thesis_Git/Analysis/outpu
t/other_maps/aid_China.png>
Package pdftex.def Info: /Users/Tilmanski/Documents/UNI/MPhil/Second Year/Thesi
s_Git/Analysis/output/other_maps/aid_China.png used on input line 930.
(pdftex.def)             Requested size: 245.82962pt x 252.2113pt.
[43 </Users/Tilmanski/Documents/UNI/MPhil/Second Year/Thesis_Git/Analysis/outpu
t/other_maps/aid_wb.png> </Users/Tilmanski/Documents/UNI/MPhil/Second Year/Thes
is_Git/Analysis/output/other_maps/aid_China.png>] [44] [45] [46] [47] [48] [49]
(./MPhil_thesis.bbl [50] [51] [52]
Underfull \hbox (badness 1817) in paragraph at lines 621--626
[]\OT1/cmr/m/n/10.95 --------- (\OT1/cmr/bx/n/10.95 2017\OT1/cmr/m/n/10.95 b). 
 World De-vel-op-ment In-di-ca-tors.  []$\OT1/cmtt/m/n/10.95 https : / / data .
 worldbank . org / data-[]catalog /
 []

) [53]

LaTeX Warning: `!h' float specifier changed to `!ht'.


LaTeX Warning: `h' float specifier changed to `ht'.

[54]
Package atveryend Info: Empty hook `BeforeClearDocument' on input line 1221.
[55]
Package atveryend Info: Empty hook `AfterLastShipout' on input line 1221.
(./MPhil_thesis.aux)
Package atveryend Info: Executing hook `AtVeryEndDocument' on input line 1221.
Package atveryend Info: Executing hook `AtEndAfterFileList' on input line 1221.

Package rerunfilecheck Info: File `MPhil_thesis.out' has not changed.
(rerunfilecheck)             Checksum: D41D8CD98F00B204E9800998ECF8427E;0.

LaTeX Font Warning: Some font shapes were not available, defaults substituted.

Package atveryend Info: Empty hook `AtVeryVeryEnd' on input line 1221.
 ) 
Here is how much of TeX's memory you used:
 22764 strings out of 493014
 455468 string characters out of 6133351
 662098 words of memory out of 5000000
 25590 multiletter control sequences out of 15000+600000
 17749 words of font info for 67 fonts, out of 8000000 for 9000
 1141 hyphenation exceptions out of 8191
 55i,18n,77p,4275b,619s stack positions out of 5000i,500n,10000p,200000b,80000s
</usr/local/texlive/2016/texmf-dist/fonts/type1/public/amsfonts/cm/cmbx10.pfb
></usr/local/texlive/2016/texmf-dist/fonts/type1/public/amsfonts/cm/cmbx12.pfb>
</usr/local/texlive/2016/texmf-dist/fonts/type1/public/amsfonts/cm/cmbx9.pfb></
usr/local/texlive/2016/texmf-dist/fonts/type1/public/amsfonts/cm/cmcsc10.pfb></
usr/local/texlive/2016/texmf-dist/fonts/type1/public/amsfonts/cm/cmex10.pfb></u
sr/local/texlive/2016/texmf-dist/fonts/type1/public/amsfonts/cmextra/cmex8.pfb>
</usr/local/texlive/2016/texmf-dist/fonts/type1/public/amsfonts/cmextra/cmex9.p
fb></usr/local/texlive/2016/texmf-dist/fonts/type1/public/amsfonts/cm/cmmi10.pf
b></usr/local/texlive/2016/texmf-dist/fonts/type1/public/amsfonts/cm/cmmi6.pfb>
</usr/local/texlive/2016/texmf-dist/fonts/type1/public/amsfonts/cm/cmmi7.pfb></
usr/local/texlive/2016/texmf-dist/fonts/type1/public/amsfonts/cm/cmmi8.pfb></us
r/local/texlive/2016/texmf-dist/fonts/type1/public/amsfonts/cm/cmmi9.pfb></usr/
local/texlive/2016/texmf-dist/fonts/type1/public/amsfonts/cm/cmr10.pfb></usr/lo
cal/texlive/2016/texmf-dist/fonts/type1/public/amsfonts/cm/cmr12.pfb></usr/loca
l/texlive/2016/texmf-dist/fonts/type1/public/amsfonts/cm/cmr17.pfb></usr/local/
texlive/2016/texmf-dist/fonts/type1/public/amsfonts/cm/cmr6.pfb></usr/local/tex
live/2016/texmf-dist/fonts/type1/public/amsfonts/cm/cmr8.pfb></usr/local/texliv
e/2016/texmf-dist/fonts/type1/public/amsfonts/cm/cmr9.pfb></usr/local/texlive/2
016/texmf-dist/fonts/type1/public/amsfonts/cm/cmsy10.pfb></usr/local/texlive/20
16/texmf-dist/fonts/type1/public/amsfonts/cm/cmsy6.pfb></usr/local/texlive/2016
/texmf-dist/fonts/type1/public/amsfonts/cm/cmsy8.pfb></usr/local/texlive/2016/t
exmf-dist/fonts/type1/public/amsfonts/cm/cmsy9.pfb></usr/local/texlive/2016/tex
mf-dist/fonts/type1/public/amsfonts/cm/cmti10.pfb></usr/local/texlive/2016/texm
f-dist/fonts/type1/public/amsfonts/cm/cmti9.pfb></usr/local/texlive/2016/texmf-
dist/fonts/type1/public/amsfonts/cm/cmtt10.pfb></usr/local/texlive/2016/texmf-d
ist/fonts/type1/public/amsfonts/cm/cmtt9.pfb>
Output written on MPhil_thesis.pdf (56 pages, 3374949 bytes).
PDF statistics:
 1406 PDF objects out of 1440 (max. 8388607)
 1244 compressed objects within 13 object streams
 259 named destinations out of 1000 (max. 500000)
 274 words of extra memory for PDF output out of 10000 (max. 10000000)

